Info in <TUnixSystem::ACLiC>: creating shared library /mnt/c/Users/zarta/Documents/internship/EIC1/EIC_mesonMC/mesonMC/src/./EIC_mesonMC_n_cpp.so
In file included from input_line_9:6:
In file included from ././EIC_mesonMC_n.cpp:14:
/mnt/c/Users/zarta/Documents/internship/EIC1/EIC_mesonMC/mesonMC/src/EIC_mesonMC.h:824:1: warning: control reaches end of non-void function [-Wreturn-type]
}
^
In file included from /mnt/c/Users/zarta/Documents/internship/EIC1/EIC_mesonMC/mesonMC/src/./EIC_mesonMC_n.cpp:14,
                 from /mnt/c/Users/zarta/Documents/internship/EIC1/EIC_mesonMC/mesonMC/src/EIC_mesonMC_n_cpp_ACLiC_dict.cxx:41:
/mnt/c/Users/zarta/Documents/internship/EIC1/EIC_mesonMC/mesonMC/src/./EIC_mesonMC.h: In function ‘double dissigma(double, double, double, int)’:
/mnt/c/Users/zarta/Documents/internship/EIC1/EIC_mesonMC/mesonMC/src/./EIC_mesonMC.h:824:1: warning: no return statement in function returning non-void [-Wreturn-type]
  824 | }
      | ^
In file included from /mnt/c/Users/zarta/Documents/internship/EIC1/EIC_mesonMC/mesonMC/src/./EIC_mesonMC_n.cpp:14,
                 from /mnt/c/Users/zarta/Documents/internship/EIC1/EIC_mesonMC/mesonMC/src/EIC_mesonMC_n_cpp_ACLiC_dict.cxx:41:
/mnt/c/Users/zarta/Documents/internship/EIC1/EIC_mesonMC/mesonMC/src/./EIC_mesonMC.h: In function ‘cteq_pdf_t* __cteq_pdf_alloc_read_tbl(FILE*)’:
/mnt/c/Users/zarta/Documents/internship/EIC1/EIC_mesonMC/mesonMC/src/./EIC_mesonMC.h:427:9: warning: ignoring return value of ‘int fscanf(FILE*, const char*, ...)’, declared with attribute warn_unused_result [-Wunused-result]
  427 |   fscanf(file, "%lf%lf%lf%lf%lf%lf%lf", pdf->lambda + pdf->nf, pdf->mass+1,pdf->mass+2,pdf->mass+3,pdf->mass+4,pdf->mass+5,pdf->mass+6);
      |   ~~~~~~^~~~~~~~~~~~~~~~~~~~~~~~~~~~~~~~~~~~~~~~~~~~~~~~~~~~~~~~~~~~~~~~~~~~~~~~~~~~~~~~~~~~~~~~~~~~~~~~~~~~~~~~~~~~~~~~~~~~~~~~~~~~~~~
In file included from /mnt/c/Users/zarta/Documents/internship/EIC1/EIC_mesonMC/mesonMC/src/./EIC_mesonMC_n.cpp:14,
                 from /mnt/c/Users/zarta/Documents/internship/EIC1/EIC_mesonMC/mesonMC/src/EIC_mesonMC_n_cpp_ACLiC_dict.cxx:41:
/mnt/c/Users/zarta/Documents/internship/EIC1/EIC_mesonMC/mesonMC/src/./EIC_mesonMC.h:437:9: warning: ignoring return value of ‘int fscanf(FILE*, const char*, ...)’, declared with attribute warn_unused_result [-Wunused-result]
  437 |   fscanf(file, "%u%u%u", &(pdf->nx), &(pdf->nt), &(pdf->nfmx));
      |   ~~~~~~^~~~~~~~~~~~~~~~~~~~~~~~~~~~~~~~~~~~~~~~~~~~~~~~~~~~~~
/mnt/c/Users/zarta/Documents/internship/EIC1/EIC_mesonMC/mesonMC/src/./EIC_mesonMC.h:452:9: warning: ignoring return value of ‘int fscanf(FILE*, const char*, ...)’, declared with attribute warn_unused_result [-Wunused-result]
  452 |   fscanf(file, "%le%le", &(pdf->qini), &(pdf->qmax));
      |   ~~~~~~^~~~~~~~~~~~~~~~~~~~~~~~~~~~~~~~~~~~~~~~~~~~
/mnt/c/Users/zarta/Documents/internship/EIC1/EIC_mesonMC/mesonMC/src/./EIC_mesonMC.h:457:11: warning: ignoring return value of ‘int fscanf(FILE*, const char*, ...)’, declared with attribute warn_unused_result [-Wunused-result]
  457 |     fscanf(file, "%le", &q);
      |     ~~~~~~^~~~~~~~~~~~~~~~~
/mnt/c/Users/zarta/Documents/internship/EIC1/EIC_mesonMC/mesonMC/src/./EIC_mesonMC.h:466:9: warning: ignoring return value of ‘int fscanf(FILE*, const char*, ...)’, declared with attribute warn_unused_result [-Wunused-result]
  466 |   fscanf(file, "%le", &(pdf->xmin));
      |   ~~~~~~^~~~~~~~~~~~~~~~~~~~~~~~~~~
/mnt/c/Users/zarta/Documents/internship/EIC1/EIC_mesonMC/mesonMC/src/./EIC_mesonMC.h:471:11: warning: ignoring return value of ‘int fscanf(FILE*, const char*, ...)’, declared with attribute warn_unused_result [-Wunused-result]
  471 |     fscanf(file, "%le", &x);
      |     ~~~~~~^~~~~~~~~~~~~~~~~
/mnt/c/Users/zarta/Documents/internship/EIC1/EIC_mesonMC/mesonMC/src/./EIC_mesonMC.h:482:11: warning: ignoring return value of ‘int fscanf(FILE*, const char*, ...)’, declared with attribute warn_unused_result [-Wunused-result]
  482 |     fscanf(file, "%le", pdf->upd+i);
      |     ~~~~~~^~~~~~~~~~~~~~~~~~~~~~~~~
/mnt/c/Users/zarta/Documents/internship/EIC1/EIC_mesonMC/mesonMC/src/./EIC_mesonMC.h: In function ‘cteq_pdf_t* __cteq_pdf_alloc_read_pds(FILE*)’:
/mnt/c/Users/zarta/Documents/internship/EIC1/EIC_mesonMC/mesonMC/src/./EIC_mesonMC.h:512:9: warning: ignoring return value of ‘int fscanf(FILE*, const char*, ...)’, declared with attribute warn_unused_result [-Wunused-result]
  512 |   fscanf(file, "%f%f", &__ord, &__nf);
      |   ~~~~~~^~~~~~~~~~~~~~~~~~~~~~~~~~~~~
/mnt/c/Users/zarta/Documents/internship/EIC1/EIC_mesonMC/mesonMC/src/./EIC_mesonMC.h:519:9: warning: ignoring return value of ‘int fscanf(FILE*, const char*, ...)’, declared with attribute warn_unused_result [-Wunused-result]
  519 |   fscanf(file, "%lf%lf%lf%lf%lf%lf%lf", pdf->lambda + pdf->nf,
      |   ~~~~~~^~~~~~~~~~~~~~~~~~~~~~~~~~~~~~~~~~~~~~~~~~~~~~~~~~~~~~
  520 |   pdf->mass+1,pdf->mass+2,pdf->mass+3,pdf->mass+4,pdf->mass+5,pdf->mass+6);
      |   ~~~~~~~~~~~~~~~~~~~~~~~~~~~~~~~~~~~~~~~~~~~~~~~~~~~~~~~~~~~~~~~~~~~~~~~~
/mnt/c/Users/zarta/Documents/internship/EIC1/EIC_mesonMC/mesonMC/src/./EIC_mesonMC.h:530:9: warning: ignoring return value of ‘int fscanf(FILE*, const char*, ...)’, declared with attribute warn_unused_result [-Wunused-result]
  530 |   fscanf(file, "%d%d%d%u%u", &del, &del, &del, &(pdf->nfmx), &(pdf->mxval));
      |   ~~~~~~^~~~~~~~~~~~~~~~~~~~~~~~~~~~~~~~~~~~~~~~~~~~~~~~~~~~~~~~~~~~~~~~~~~
/mnt/c/Users/zarta/Documents/internship/EIC1/EIC_mesonMC/mesonMC/src/./EIC_mesonMC.h:539:9: warning: ignoring return value of ‘int fscanf(FILE*, const char*, ...)’, declared with attribute warn_unused_result [-Wunused-result]
  539 |   fscanf(file, "%u%u%d%u", &(pdf->nx), &(pdf->nt), &del, &ng);
      |   ~~~~~~^~~~~~~~~~~~~~~~~~~~~~~~~~~~~~~~~~~~~~~~~~~~~~~~~~~~~
/mnt/c/Users/zarta/Documents/internship/EIC1/EIC_mesonMC/mesonMC/src/./EIC_mesonMC.h:558:9: warning: ignoring return value of ‘int fscanf(FILE*, const char*, ...)’, declared with attribute warn_unused_result [-Wunused-result]
  558 |   fscanf(file, "%le%le", &(pdf->qini), &(pdf->qmax));
      |   ~~~~~~^~~~~~~~~~~~~~~~~~~~~~~~~~~~~~~~~~~~~~~~~~~~
/mnt/c/Users/zarta/Documents/internship/EIC1/EIC_mesonMC/mesonMC/src/./EIC_mesonMC.h:563:11: warning: ignoring return value of ‘int fscanf(FILE*, const char*, ...)’, declared with attribute warn_unused_result [-Wunused-result]
  563 |     fscanf(file, "%le%le", &tmp, &(pdf->tv[i]));
      |     ~~~~~~^~~~~~~~~~~~~~~~~~~~~~~~~~~~~~~~~~~~~
/mnt/c/Users/zarta/Documents/internship/EIC1/EIC_mesonMC/mesonMC/src/./EIC_mesonMC.h:570:9: warning: ignoring return value of ‘int fscanf(FILE*, const char*, ...)’, declared with attribute warn_unused_result [-Wunused-result]
  570 |   fscanf(file, "%le%le", &(pdf->xmin), &tmp);
      |   ~~~~~~^~~~~~~~~~~~~~~~~~~~~~~~~~~~~~~~~~~~
/mnt/c/Users/zarta/Documents/internship/EIC1/EIC_mesonMC/mesonMC/src/./EIC_mesonMC.h:576:11: warning: ignoring return value of ‘int fscanf(FILE*, const char*, ...)’, declared with attribute warn_unused_result [-Wunused-result]
  576 |     fscanf(file, "%le", &(pdf->xv[i]));
      |     ~~~~~~^~~~~~~~~~~~~~~~~~~~~~~~~~~~
/mnt/c/Users/zarta/Documents/internship/EIC1/EIC_mesonMC/mesonMC/src/./EIC_mesonMC.h:586:11: warning: ignoring return value of ‘int fscanf(FILE*, const char*, ...)’, declared with attribute warn_unused_result [-Wunused-result]
  586 |     fscanf(file, "%le", pdf->upd+i);
      |     ~~~~~~^~~~~~~~~~~~~~~~~~~~~~~~~
In file included from /mnt/c/Users/zarta/Documents/internship/EIC1/EIC_mesonMC/mesonMC/src/./EIC_mesonMC_n.cpp:14,
                 from /mnt/c/Users/zarta/Documents/internship/EIC1/EIC_mesonMC/mesonMC/src/EIC_mesonMC_n_cpp_ACLiC_dict.cxx:41:
/mnt/c/Users/zarta/Documents/internship/EIC1/EIC_mesonMC/mesonMC/src/./EIC_mesonMC.h: In function ‘double dissigma(double, double, double, int)’:
/mnt/c/Users/zarta/Documents/internship/EIC1/EIC_mesonMC/mesonMC/src/./EIC_mesonMC.h:824:1: warning: no return statement in function returning non-void [-Wreturn-type]
  824 | }
      | ^
In file included from /mnt/c/Users/zarta/Documents/internship/EIC1/EIC_mesonMC/mesonMC/src/./EIC_mesonMC_n.cpp:14,
                 from /mnt/c/Users/zarta/Documents/internship/EIC1/EIC_mesonMC/mesonMC/src/EIC_mesonMC_n_cpp_ACLiC_dict.cxx:41:
/mnt/c/Users/zarta/Documents/internship/EIC1/EIC_mesonMC/mesonMC/src/./EIC_mesonMC.h: In function ‘cteq_pdf_t* __cteq_pdf_alloc_read_tbl(FILE*)’:
/mnt/c/Users/zarta/Documents/internship/EIC1/EIC_mesonMC/mesonMC/src/./EIC_mesonMC.h:427:9: warning: ignoring return value of ‘int fscanf(FILE*, const char*, ...)’, declared with attribute warn_unused_result [-Wunused-result]
  427 |   fscanf(file, "%lf%lf%lf%lf%lf%lf%lf", pdf->lambda + pdf->nf, pdf->mass+1,pdf->mass+2,pdf->mass+3,pdf->mass+4,pdf->mass+5,pdf->mass+6);
      |   ~~~~~~^~~~~~~~~~~~~~~~~~~~~~~~~~~~~~~~~~~~~~~~~~~~~~~~~~~~~~~~~~~~~~~~~~~~~~~~~~~~~~~~~~~~~~~~~~~~~~~~~~~~~~~~~~~~~~~~~~~~~~~~~~~~~~~
In file included from /mnt/c/Users/zarta/Documents/internship/EIC1/EIC_mesonMC/mesonMC/src/./EIC_mesonMC_n.cpp:14,
                 from /mnt/c/Users/zarta/Documents/internship/EIC1/EIC_mesonMC/mesonMC/src/EIC_mesonMC_n_cpp_ACLiC_dict.cxx:41:
/mnt/c/Users/zarta/Documents/internship/EIC1/EIC_mesonMC/mesonMC/src/./EIC_mesonMC.h:437:9: warning: ignoring return value of ‘int fscanf(FILE*, const char*, ...)’, declared with attribute warn_unused_result [-Wunused-result]
  437 |   fscanf(file, "%u%u%u", &(pdf->nx), &(pdf->nt), &(pdf->nfmx));
      |   ~~~~~~^~~~~~~~~~~~~~~~~~~~~~~~~~~~~~~~~~~~~~~~~~~~~~~~~~~~~~
/mnt/c/Users/zarta/Documents/internship/EIC1/EIC_mesonMC/mesonMC/src/./EIC_mesonMC.h:452:9: warning: ignoring return value of ‘int fscanf(FILE*, const char*, ...)’, declared with attribute warn_unused_result [-Wunused-result]
  452 |   fscanf(file, "%le%le", &(pdf->qini), &(pdf->qmax));
      |   ~~~~~~^~~~~~~~~~~~~~~~~~~~~~~~~~~~~~~~~~~~~~~~~~~~
/mnt/c/Users/zarta/Documents/internship/EIC1/EIC_mesonMC/mesonMC/src/./EIC_mesonMC.h:457:11: warning: ignoring return value of ‘int fscanf(FILE*, const char*, ...)’, declared with attribute warn_unused_result [-Wunused-result]
  457 |     fscanf(file, "%le", &q);
      |     ~~~~~~^~~~~~~~~~~~~~~~~
/mnt/c/Users/zarta/Documents/internship/EIC1/EIC_mesonMC/mesonMC/src/./EIC_mesonMC.h:466:9: warning: ignoring return value of ‘int fscanf(FILE*, const char*, ...)’, declared with attribute warn_unused_result [-Wunused-result]
  466 |   fscanf(file, "%le", &(pdf->xmin));
      |   ~~~~~~^~~~~~~~~~~~~~~~~~~~~~~~~~~
/mnt/c/Users/zarta/Documents/internship/EIC1/EIC_mesonMC/mesonMC/src/./EIC_mesonMC.h:471:11: warning: ignoring return value of ‘int fscanf(FILE*, const char*, ...)’, declared with attribute warn_unused_result [-Wunused-result]
  471 |     fscanf(file, "%le", &x);
      |     ~~~~~~^~~~~~~~~~~~~~~~~
/mnt/c/Users/zarta/Documents/internship/EIC1/EIC_mesonMC/mesonMC/src/./EIC_mesonMC.h:482:11: warning: ignoring return value of ‘int fscanf(FILE*, const char*, ...)’, declared with attribute warn_unused_result [-Wunused-result]
  482 |     fscanf(file, "%le", pdf->upd+i);
      |     ~~~~~~^~~~~~~~~~~~~~~~~~~~~~~~~
/mnt/c/Users/zarta/Documents/internship/EIC1/EIC_mesonMC/mesonMC/src/./EIC_mesonMC.h: In function ‘cteq_pdf_t* __cteq_pdf_alloc_read_pds(FILE*)’:
/mnt/c/Users/zarta/Documents/internship/EIC1/EIC_mesonMC/mesonMC/src/./EIC_mesonMC.h:512:9: warning: ignoring return value of ‘int fscanf(FILE*, const char*, ...)’, declared with attribute warn_unused_result [-Wunused-result]
  512 |   fscanf(file, "%f%f", &__ord, &__nf);
      |   ~~~~~~^~~~~~~~~~~~~~~~~~~~~~~~~~~~~
/mnt/c/Users/zarta/Documents/internship/EIC1/EIC_mesonMC/mesonMC/src/./EIC_mesonMC.h:519:9: warning: ignoring return value of ‘int fscanf(FILE*, const char*, ...)’, declared with attribute warn_unused_result [-Wunused-result]
  519 |   fscanf(file, "%lf%lf%lf%lf%lf%lf%lf", pdf->lambda + pdf->nf,
      |   ~~~~~~^~~~~~~~~~~~~~~~~~~~~~~~~~~~~~~~~~~~~~~~~~~~~~~~~~~~~~
  520 |   pdf->mass+1,pdf->mass+2,pdf->mass+3,pdf->mass+4,pdf->mass+5,pdf->mass+6);
      |   ~~~~~~~~~~~~~~~~~~~~~~~~~~~~~~~~~~~~~~~~~~~~~~~~~~~~~~~~~~~~~~~~~~~~~~~~
/mnt/c/Users/zarta/Documents/internship/EIC1/EIC_mesonMC/mesonMC/src/./EIC_mesonMC.h:530:9: warning: ignoring return value of ‘int fscanf(FILE*, const char*, ...)’, declared with attribute warn_unused_result [-Wunused-result]
  530 |   fscanf(file, "%d%d%d%u%u", &del, &del, &del, &(pdf->nfmx), &(pdf->mxval));
      |   ~~~~~~^~~~~~~~~~~~~~~~~~~~~~~~~~~~~~~~~~~~~~~~~~~~~~~~~~~~~~~~~~~~~~~~~~~
/mnt/c/Users/zarta/Documents/internship/EIC1/EIC_mesonMC/mesonMC/src/./EIC_mesonMC.h:539:9: warning: ignoring return value of ‘int fscanf(FILE*, const char*, ...)’, declared with attribute warn_unused_result [-Wunused-result]
  539 |   fscanf(file, "%u%u%d%u", &(pdf->nx), &(pdf->nt), &del, &ng);
      |   ~~~~~~^~~~~~~~~~~~~~~~~~~~~~~~~~~~~~~~~~~~~~~~~~~~~~~~~~~~~
/mnt/c/Users/zarta/Documents/internship/EIC1/EIC_mesonMC/mesonMC/src/./EIC_mesonMC.h:558:9: warning: ignoring return value of ‘int fscanf(FILE*, const char*, ...)’, declared with attribute warn_unused_result [-Wunused-result]
  558 |   fscanf(file, "%le%le", &(pdf->qini), &(pdf->qmax));
      |   ~~~~~~^~~~~~~~~~~~~~~~~~~~~~~~~~~~~~~~~~~~~~~~~~~~
/mnt/c/Users/zarta/Documents/internship/EIC1/EIC_mesonMC/mesonMC/src/./EIC_mesonMC.h:563:11: warning: ignoring return value of ‘int fscanf(FILE*, const char*, ...)’, declared with attribute warn_unused_result [-Wunused-result]
  563 |     fscanf(file, "%le%le", &tmp, &(pdf->tv[i]));
      |     ~~~~~~^~~~~~~~~~~~~~~~~~~~~~~~~~~~~~~~~~~~~
/mnt/c/Users/zarta/Documents/internship/EIC1/EIC_mesonMC/mesonMC/src/./EIC_mesonMC.h:570:9: warning: ignoring return value of ‘int fscanf(FILE*, const char*, ...)’, declared with attribute warn_unused_result [-Wunused-result]
  570 |   fscanf(file, "%le%le", &(pdf->xmin), &tmp);
      |   ~~~~~~^~~~~~~~~~~~~~~~~~~~~~~~~~~~~~~~~~~~
/mnt/c/Users/zarta/Documents/internship/EIC1/EIC_mesonMC/mesonMC/src/./EIC_mesonMC.h:576:11: warning: ignoring return value of ‘int fscanf(FILE*, const char*, ...)’, declared with attribute warn_unused_result [-Wunused-result]
  576 |     fscanf(file, "%le", &(pdf->xv[i]));
      |     ~~~~~~^~~~~~~~~~~~~~~~~~~~~~~~~~~~
/mnt/c/Users/zarta/Documents/internship/EIC1/EIC_mesonMC/mesonMC/src/./EIC_mesonMC.h:586:11: warning: ignoring return value of ‘int fscanf(FILE*, const char*, ...)’, declared with attribute warn_unused_result [-Wunused-result]
  586 |     fscanf(file, "%le", pdf->upd+i);
      |     ~~~~~~^~~~~~~~~~~~~~~~~~~~~~~~~
Warning in <TTree::Bronch>: TLorentzVector cannot be split, resetting splitlevel to 0
Warning in <TTree::Bronch>: TLorentzVector cannot be split, resetting splitlevel to 0
Warning in <TTree::Bronch>: TLorentzVector cannot be split, resetting splitlevel to 0
Warning in <TTree::Bronch>: TLorentzVector cannot be split, resetting splitlevel to 0
Warning in <TTree::Bronch>: TLorentzVector cannot be split, resetting splitlevel to 0
Warning in <TTree::Bronch>: TLorentzVector cannot be split, resetting splitlevel to 0
Warning in <TTree::Bronch>: TLorentzVector cannot be split, resetting splitlevel to 0
Warning in <TTree::Bronch>: TLorentzVector cannot be split, resetting splitlevel to 0

 *** Break *** keyboard interrupt

 *** Break *** segmentation violation
 Generating stack trace...
 0x00007feb7a202c5d in TKey::TKey(TObject const*, char const*, int, TDirectory*) + 0x14d from /home/davidzarta/Applications/root_v6.24/lib/libRIO.so
 0x00007feb7a1d0ad5 in TFile::WriteStreamerInfo() + 0x485 from /home/davidzarta/Applications/root_v6.24/lib/libRIO.so
 0x00007feb7a1cf503 in TFile::Close(char const*) + 0xb3 from /home/davidzarta/Applications/root_v6.24/lib/libRIO.so
 0x00007feb7ac58531 in <unknown> from /home/davidzarta/Applications/root_v6.24/lib/libCore.so
 0x00007feb7ac58d30 in TROOT::CloseFiles() + 0x50 from /home/davidzarta/Applications/root_v6.24/lib/libCore.so
 0x00007feb7ac593d6 in TROOT::EndOfProcessCleanups() + 0x16 from /home/davidzarta/Applications/root_v6.24/lib/libCore.so
 0x00007feb7adb95b3 in TUnixSystem::Exit(int, bool) at TUnixSystem.cxx:? from /home/davidzarta/Applications/root_v6.24/lib/libCore.so
 0x00007feb7ac668dd in TApplication::Terminate(int) + 0x8d from /home/davidzarta/Applications/root_v6.24/lib/libCore.so
 0x00007feb7b0553ea in TRint::HandleTermInput() + 0x7a from /home/davidzarta/Applications/root_v6.24/lib/libRint.so
 0x00007feb7adbc962 in TUnixSystem::CheckDescriptors() + 0xd2 from /home/davidzarta/Applications/root_v6.24/lib/libCore.so
 0x00007feb7adbe648 in TUnixSystem::DispatchOneEvent(bool) + 0x5b8 from /home/davidzarta/Applications/root_v6.24/lib/libCore.so
 0x00007feb7accb869 in TSystem::Run() + 0xe9 from /home/davidzarta/Applications/root_v6.24/lib/libCore.so
 0x00007feb7ac634f3 in TApplication::Run(bool) + 0x23 from /home/davidzarta/Applications/root_v6.24/lib/libCore.so
 0x00007feb7b056c5e in TRint::Run(bool) + 0x4ce from /home/davidzarta/Applications/root_v6.24/lib/libRint.so
 0x00007feb7b0a6180 in <unknown> from /home/davidzarta/Applications/root_v6.24/bin/root.exe
 0x00007feb7a6c70b3 in __libc_start_main + 0xf3 from /lib/x86_64-linux-gnu/libc.so.6
 0x00007feb7b0a61ce in _start + 0x2e from /home/davidzarta/Applications/root_v6.24/bin/root.exe
